<eResourceEntry  timestamp='1276073177209' resUri='platform:/resource/no.hal.jex.examples/tests/counter.jex' key='resource selected' value='null'/>
<eResourceEntry  timestamp='1276073201213' resUri='platform:/resource/no.hal.jex.examples/tests/counter.jex' key='resource selected' value='null'/>
<eResourceEntry  timestamp='1276073732865' resUri='platform:/resource/no.hal.jex.examples/tests/counter.jex' key='resource selected' value='null'/>
<eObjectEntry  timestamp='1276073739211' resUri='platform:/resource/no.hal.jex.examples/tests/counter.jex' fragmentId='//@requirements.0/@requirements.0/@requirements.0' key='junit test launch' value='testCounter'/>
<eObjectEntry  timestamp='1276073741532' resUri='platform:/resource/no.hal.jex.examples/tests/counter.jex' fragmentId='//@requirements.0/@requirements.0/@requirements.0' key='test run status' value='true'/>
<eObjectEntry  timestamp='1276073744182' resUri='platform:/resource/no.hal.jex.examples/tests/counter.jex' fragmentId='//@requirements.0/@requirements.0/@requirements.1' key='junit test launch' value='testGetCounter'/>
<eObjectEntry  timestamp='1276073745714' resUri='platform:/resource/no.hal.jex.examples/tests/counter.jex' fragmentId='//@requirements.0/@requirements.0/@requirements.1' key='test run status' value='true'/>
<eObjectEntry  timestamp='1276073746825' resUri='platform:/resource/no.hal.jex.examples/tests/counter.jex' fragmentId='//@requirements.0/@requirements.0/@requirements.2' key='junit test launch' value='testCount'/>
<eObjectEntry  timestamp='1276073748564' resUri='platform:/resource/no.hal.jex.examples/tests/counter.jex' fragmentId='//@requirements.0/@requirements.0/@requirements.2' key='test run status' value='true'/>
<eResourceEntry  timestamp='1276073757160' resUri='platform:/resource/no.hal.jex.examples/tests/counter.jex' key='resource selected' value='null'/>
<eResourceEntry  timestamp='1276074424950' resUri='platform:/resource/no.hal.jex.examples/tests/counter.jex' key='resource selected' value='null'/>
<eResourceEntry  timestamp='1276074430921' resUri='platform:/resource/no.hal.jex.examples/tests/counter.jex' key='resource selected' value='null'/>
<eResourceEntry  timestamp='1276074780149' resUri='platform:/resource/no.hal.jex.examples/tests/counter.jex' key='resource selected' value='null'/>
<eObjectEntry  timestamp='1276074853655' resUri='platform:/resource/no.hal.jex.examples/tests/counter.jex' fragmentId='//@requirements.0/@requirements.0/@requirements.1' key='junit test launch' value='testCounter'/>
<eObjectEntry  timestamp='1276074855181' resUri='platform:/resource/no.hal.jex.examples/tests/counter.jex' fragmentId='//@requirements.0/@requirements.0/@requirements.1' key='test run status' value='true'/>
<eObjectEntry  timestamp='1276074873070' resUri='platform:/resource/no.hal.jex.examples/tests/counter.jex' fragmentId='//@requirements.0/@requirements.0/@requirements.3' key='junit test launch' value='testGetCounter'/>
<eObjectEntry  timestamp='1276074875238' resUri='platform:/resource/no.hal.jex.examples/tests/counter.jex' fragmentId='//@requirements.0/@requirements.0/@requirements.3' key='test run status' value='true'/>
<eObjectEntry  timestamp='1276074876558' resUri='platform:/resource/no.hal.jex.examples/tests/counter.jex' fragmentId='//@requirements.0/@requirements.0/@requirements.5' key='junit test launch' value='testCount'/>
<eObjectEntry  timestamp='1276074877780' resUri='platform:/resource/no.hal.jex.examples/tests/counter.jex' fragmentId='//@requirements.0/@requirements.0/@requirements.5' key='test run status' value='true'/>
<eResourceEntry  timestamp='1276075096537' resUri='platform:/resource/no.hal.jex.examples/tests/counter.jex' key='resource selected' value='null'/>
<eObjectEntry  timestamp='1276075106399' resUri='platform:/resource/no.hal.jex.examples/tests/counter.jex' fragmentId='//@requirements.0/@requirements.1' key='junit test launch' value='testCounter'/>
<eObjectEntry  timestamp='1276075107960' resUri='platform:/resource/no.hal.jex.examples/tests/counter.jex' fragmentId='//@requirements.0/@requirements.1' key='test run status' value='true'/>
