<eResourceEntry  timestamp='1276000773970' resUri='platform:/resource/no.hal.jex.examples/tests/no.hal.jex.examples.jex' key='resource selected' value='null'/>
<eResourceEntry  timestamp='1276001497552' resUri='platform:/resource/no.hal.jex.examples/tests/no.hal.jex.examples.jex' key='resource selected' value='null'/>
<eResourceEntry  timestamp='1276001964558' resUri='platform:/resource/no.hal.jex.examples/tests/no.hal.jex.examples.jex' key='resource selected' value='null'/>
<eResourceEntry  timestamp='1276002530575' resUri='platform:/resource/no.hal.jex.examples/tests/no.hal.jex.examples.jex' key='resource selected' value='null'/>
<eResourceEntry  timestamp='1276002979782' resUri='platform:/resource/no.hal.jex.examples/tests/no.hal.jex.examples.jex' key='resource selected' value='null'/>
<eObjectEntry  timestamp='1276003642553' resUri='platform:/resource/no.hal.jex.examples/tests/no.hal.jex.examples.jex' fragmentId='//@requirements.0/@requirements.0/@requirements.0' key='test run status' value='true'/>
<eObjectEntry  timestamp='1276003640126' resUri='platform:/resource/no.hal.jex.examples/tests/no.hal.jex.examples.jex' fragmentId='//@requirements.0/@requirements.0/@requirements.0' key='junit test launch' value='testCounter'/>
<eObjectEntry  timestamp='1276003649731' resUri='platform:/resource/no.hal.jex.examples/tests/no.hal.jex.examples.jex' fragmentId='//@requirements.0/@requirements.0/@requirements.0' key='test run status' value='true'/>
<eResourceEntry  timestamp='1276003652883' resUri='platform:/resource/no.hal.jex.examples/tests/no.hal.jex.examples.jex' key='resource selected' value='null'/>
<eObjectEntry  timestamp='1276003662100' resUri='platform:/resource/no.hal.jex.examples/tests/no.hal.jex.examples.jex' fragmentId='//@requirements.0/@requirements.0/@requirements.0' key='junit test launch' value='testCounter'/>
<eObjectEntry  timestamp='1276003663218' resUri='platform:/resource/no.hal.jex.examples/tests/no.hal.jex.examples.jex' fragmentId='//@requirements.0/@requirements.0/@requirements.0' key='test run status' value='true'/>
<eObjectEntry  timestamp='1276003669110' resUri='platform:/resource/no.hal.jex.examples/tests/no.hal.jex.examples.jex' fragmentId='//@requirements.0/@requirements.0/@requirements.2' key='junit test launch' value='testCount'/>
<eObjectEntry  timestamp='1276003670390' resUri='platform:/resource/no.hal.jex.examples/tests/no.hal.jex.examples.jex' fragmentId='//@requirements.0/@requirements.0/@requirements.2' key='test run status' value='true'/>
<eResourceEntry  timestamp='1276003772886' resUri='platform:/resource/no.hal.jex.examples/tests/no.hal.jex.examples.jex' key='resource selected' value='null'/>
<eObjectEntry  timestamp='1276003777870' resUri='platform:/resource/no.hal.jex.examples/tests/no.hal.jex.examples.jex' fragmentId='//@requirements.0/@requirements.0/@requirements.0' key='junit test launch' value='testCounter'/>
<eObjectEntry  timestamp='1276003779467' resUri='platform:/resource/no.hal.jex.examples/tests/no.hal.jex.examples.jex' fragmentId='//@requirements.0/@requirements.0/@requirements.0' key='test run status' value='true'/>
<eObjectEntry  timestamp='1276003782497' resUri='platform:/resource/no.hal.jex.examples/tests/no.hal.jex.examples.jex' fragmentId='//@requirements.0/@requirements.0/@requirements.1' key='junit test launch' value='testGetCounter'/>
<eObjectEntry  timestamp='1276003784194' resUri='platform:/resource/no.hal.jex.examples/tests/no.hal.jex.examples.jex' fragmentId='//@requirements.0/@requirements.0/@requirements.1' key='test run status' value='true'/>
<eObjectEntry  timestamp='1276003785808' resUri='platform:/resource/no.hal.jex.examples/tests/no.hal.jex.examples.jex' fragmentId='//@requirements.0/@requirements.0/@requirements.2' key='junit test launch' value='testCount'/>
<eObjectEntry  timestamp='1276003787074' resUri='platform:/resource/no.hal.jex.examples/tests/no.hal.jex.examples.jex' fragmentId='//@requirements.0/@requirements.0/@requirements.2' key='test run status' value='true'/>
<eObjectEntry  timestamp='1276003867540' resUri='platform:/resource/no.hal.jex.examples/tests/no.hal.jex.examples.jex' fragmentId='//@requirements.0/@requirements.0/@requirements.0' key='junit test launch' value='testCounter'/>
<eObjectEntry  timestamp='1276004096923' resUri='platform:/resource/no.hal.jex.examples/tests/no.hal.jex.examples.jex' fragmentId='//@requirements.0/@requirements.0/@requirements.0' key='test run status' value='true'/>
<eResourceEntry  timestamp='1276004448472' resUri='platform:/resource/no.hal.jex.examples/tests/no.hal.jex.examples.jex' key='resource selected' value='null'/>
<eObjectEntry  timestamp='1276004492980' resUri='platform:/resource/no.hal.jex.examples/tests/no.hal.jex.examples.jex' fragmentId='//@requirements.0/@requirements.0/@requirements.0' key='junit test launch' value='testCounter'/>
<eObjectEntry  timestamp='1276004550713' resUri='platform:/resource/no.hal.jex.examples/tests/no.hal.jex.examples.jex' fragmentId='//@requirements.0/@requirements.0/@requirements.0' key='test run status' value='true'/>
<eObjectEntry  timestamp='1276004684419' resUri='platform:/resource/no.hal.jex.examples/tests/no.hal.jex.examples.jex' fragmentId='//@requirements.0/@requirements.0/@requirements.2' key='junit test launch' value='testCount'/>
<eObjectEntry  timestamp='1276004697604' resUri='platform:/resource/no.hal.jex.examples/tests/no.hal.jex.examples.jex' fragmentId='//@requirements.0/@requirements.0/@requirements.2' key='test run status' value='true'/>
<eObjectEntry  timestamp='1276004793183' resUri='platform:/resource/no.hal.jex.examples/tests/no.hal.jex.examples.jex' fragmentId='//@requirements.0/@requirements.0/@requirements.0' key='junit test launch' value='testCounter'/>
<eObjectEntry  timestamp='1276005118349' resUri='platform:/resource/no.hal.jex.examples/tests/no.hal.jex.examples.jex' fragmentId='//@requirements.0/@requirements.0/@requirements.0' key='test run status' value='true'/>
<eObjectEntry  timestamp='1276005123439' resUri='platform:/resource/no.hal.jex.examples/tests/no.hal.jex.examples.jex' fragmentId='//@requirements.0/@requirements.0' key='junit test launch' value='CounterTest'/>
<eObjectEntry  timestamp='1276005125030' resUri='platform:/resource/no.hal.jex.examples/tests/no.hal.jex.examples.jex' fragmentId='//@requirements.0/@requirements.0' key='test run status' value='true'/>
<eObjectEntry  timestamp='1276005125041' resUri='platform:/resource/no.hal.jex.examples/tests/no.hal.jex.examples.jex' fragmentId='//@requirements.0/@requirements.0/@requirements.0' key='test run status' value='true'/>
<eObjectEntry  timestamp='1276005125052' resUri='platform:/resource/no.hal.jex.examples/tests/no.hal.jex.examples.jex' fragmentId='//@requirements.0/@requirements.0/@requirements.1' key='test run status' value='true'/>
<eObjectEntry  timestamp='1276005125058' resUri='platform:/resource/no.hal.jex.examples/tests/no.hal.jex.examples.jex' fragmentId='//@requirements.0/@requirements.0/@requirements.2' key='test run status' value='true'/>
<eResourceEntry  timestamp='1276005935425' resUri='platform:/resource/no.hal.jex.examples/tests/no.hal.jex.examples.jex' key='resource selected' value='null'/>
<eObjectEntry  timestamp='1276005941146' resUri='platform:/resource/no.hal.jex.examples/tests/no.hal.jex.examples.jex' fragmentId='//@requirements.0/@requirements.0/@requirements.0' key='junit test launch' value='testCounter'/>
<eObjectEntry  timestamp='1276005943040' resUri='platform:/resource/no.hal.jex.examples/tests/no.hal.jex.examples.jex' fragmentId='//@requirements.0/@requirements.0/@requirements.0' key='test run status' value='true'/>
<eObjectEntry  timestamp='1276005944776' resUri='platform:/resource/no.hal.jex.examples/tests/no.hal.jex.examples.jex' fragmentId='//@requirements.0/@requirements.0/@requirements.1' key='junit test launch' value='testGetCounter'/>
<eObjectEntry  timestamp='1276005946802' resUri='platform:/resource/no.hal.jex.examples/tests/no.hal.jex.examples.jex' fragmentId='//@requirements.0/@requirements.0/@requirements.1' key='test run status' value='true'/>
<eObjectEntry  timestamp='1276005948798' resUri='platform:/resource/no.hal.jex.examples/tests/no.hal.jex.examples.jex' fragmentId='//@requirements.0/@requirements.0/@requirements.2' key='junit test launch' value='testCount'/>
<eObjectEntry  timestamp='1276005950114' resUri='platform:/resource/no.hal.jex.examples/tests/no.hal.jex.examples.jex' fragmentId='//@requirements.0/@requirements.0/@requirements.2' key='test run status' value='true'/>
